# JRE version: Java(TM) SE Runtime Environment (8.0_191-b12) (build 1.8.0_191-b12)
# Java VM: Java HotSpot(TM) 64-Bit Server VM (25.191-b12 mixed mode windows-amd64 compressed oops)
Heap:
 PSYoungGen      total 47616K, used 26699K [0x000000076b000000, 0x000000076f400000, 0x00000007c0000000)
  eden space 46592K, 56% used [0x000000076b000000,0x000000076c99acb0,0x000000076dd80000)
  from space 1024K, 46% used [0x000000076f200000,0x000000076f278000,0x000000076f300000)
  to   space 1024K, 0% used [0x000000076f300000,0x000000076f300000,0x000000076f400000)
 ParOldGen       total 196096K, used 28729K [0x00000006c1000000, 0x00000006ccf80000, 0x000000076b000000)
  object space 196096K, 14% used [0x00000006c1000000,0x00000006c2c0e698,0x00000006ccf80000)
 Metaspace       used 63513K, capacity 67622K, committed 67928K, reserved 1107968K
  class space    used 8525K, capacity 9250K, committed 9344K, reserved 1048576K
GC Heap History (10 events):
Event: 224887.496 GC heap before
{Heap before GC invocations=264 (full 3):
 PSYoungGen      total 47104K, used 47056K [0x000000076b000000, 0x000000076f500000, 0x00000007c0000000)
  eden space 46592K, 100% used [0x000000076b000000,0x000000076dd80000,0x000000076dd80000)
  from space 512K, 90% used [0x000000076f480000,0x000000076f4f4030,0x000000076f500000)
  to   space 1024K, 0% used [0x000000076f300000,0x000000076f300000,0x000000076f400000)
 ParOldGen       total 196096K, used 28729K [0x00000006c1000000, 0x00000006ccf80000, 0x000000076b000000)
  object space 196096K, 14% used [0x00000006c1000000,0x00000006c2c0e698,0x00000006ccf80000)
 Metaspace       used 63513K, capacity 67622K, committed 67928K, reserved 1107968K
  class space    used 8525K, capacity 9250K, committed 9344K, reserved 1048576K
Event: 224887.498 GC heap after
Heap after GC invocations=264 (full 3):
 PSYoungGen      total 47616K, used 448K [0x000000076b000000, 0x000000076f500000, 0x00000007c0000000)
  eden space 46592K, 0% used [0x000000076b000000,0x000000076b000000,0x000000076dd80000)
  from space 1024K, 43% used [0x000000076f300000,0x000000076f370020,0x000000076f400000)
  to   space 1024K, 0% used [0x000000076f400000,0x000000076f400000,0x000000076f500000)
 ParOldGen       total 196096K, used 28729K [0x00000006c1000000, 0x00000006ccf80000, 0x000000076b000000)
  object space 196096K, 14% used [0x00000006c1000000,0x00000006c2c0e698,0x00000006ccf80000)
 Metaspace       used 63513K, capacity 67622K, committed 67928K, reserved 1107968K
  class space    used 8525K, capacity 9250K, committed 9344K, reserved 1048576K
}
Event: 225491.727 GC heap before
{Heap before GC invocations=265 (full 3):
 PSYoungGen      total 47616K, used 47040K [0x000000076b000000, 0x000000076f500000, 0x00000007c0000000)
  eden space 46592K, 100% used [0x000000076b000000,0x000000076dd80000,0x000000076dd80000)
  from space 1024K, 43% used [0x000000076f300000,0x000000076f370020,0x000000076f400000)
  to   space 1024K, 0% used [0x000000076f400000,0x000000076f400000,0x000000076f500000)
 ParOldGen       total 196096K, used 28729K [0x00000006c1000000, 0x00000006ccf80000, 0x000000076b000000)
  object space 196096K, 14% used [0x00000006c1000000,0x00000006c2c0e698,0x00000006ccf80000)
 Metaspace       used 63513K, capacity 67622K, committed 67928K, reserved 1107968K
  class space    used 8525K, capacity 9250K, committed 9344K, reserved 1048576K
Event: 225491.729 GC heap after
Heap after GC invocations=265 (full 3):
 PSYoungGen      total 47104K, used 400K [0x000000076b000000, 0x000000076f480000, 0x00000007c0000000)
  eden space 46592K, 0% used [0x000000076b000000,0x000000076b000000,0x000000076dd80000)
  from space 512K, 78% used [0x000000076f400000,0x000000076f464030,0x000000076f480000)
  to   space 1024K, 0% used [0x000000076f280000,0x000000076f280000,0x000000076f380000)
 ParOldGen       total 196096K, used 28729K [0x00000006c1000000, 0x00000006ccf80000, 0x000000076b000000)
  object space 196096K, 14% used [0x00000006c1000000,0x00000006c2c0e698,0x00000006ccf80000)
 Metaspace       used 63513K, capacity 67622K, committed 67928K, reserved 1107968K
  class space    used 8525K, capacity 9250K, committed 9344K, reserved 1048576K
}
Event: 226050.739 GC heap before
{Heap before GC invocations=266 (full 3):
 PSYoungGen      total 47104K, used 46992K [0x000000076b000000, 0x000000076f480000, 0x00000007c0000000)
  eden space 46592K, 100% used [0x000000076b000000,0x000000076dd80000,0x000000076dd80000)
  from space 512K, 78% used [0x000000076f400000,0x000000076f464030,0x000000076f480000)
  to   space 1024K, 0% used [0x000000076f280000,0x000000076f280000,0x000000076f380000)
 ParOldGen       total 196096K, used 28729K [0x00000006c1000000, 0x00000006ccf80000, 0x000000076b000000)
  object space 196096K, 14% used [0x00000006c1000000,0x00000006c2c0e698,0x00000006ccf80000)
 Metaspace       used 63513K, capacity 67622K, committed 67928K, reserved 1107968K
  class space    used 8525K, capacity 9250K, committed 9344K, reserved 1048576K
Event: 226050.744 GC heap after
Heap after GC invocations=266 (full 3):
 PSYoungGen      total 47616K, used 528K [0x000000076b000000, 0x000000076f480000, 0x00000007c0000000)
  eden space 46592K, 0% used [0x000000076b000000,0x000000076b000000,0x000000076dd80000)
  from space 1024K, 51% used [0x000000076f280000,0x000000076f304030,0x000000076f380000)
  to   space 1024K, 0% used [0x000000076f380000,0x000000076f380000,0x000000076f480000)
 ParOldGen       total 196096K, used 28729K [0x00000006c1000000, 0x00000006ccf80000, 0x000000076b000000)
  object space 196096K, 14% used [0x00000006c1000000,0x00000006c2c0e698,0x00000006ccf80000)
 Metaspace       used 63513K, capacity 67622K, committed 67928K, reserved 1107968K
  class space    used 8525K, capacity 9250K, committed 9344K, reserved 1048576K
}
Event: 226659.048 GC heap before
{Heap before GC invocations=267 (full 3):
 PSYoungGen      total 47616K, used 47120K [0x000000076b000000, 0x000000076f480000, 0x00000007c0000000)
  eden space 46592K, 100% used [0x000000076b000000,0x000000076dd80000,0x000000076dd80000)
  from space 1024K, 51% used [0x000000076f280000,0x000000076f304030,0x000000076f380000)
  to   space 1024K, 0% used [0x000000076f380000,0x000000076f380000,0x000000076f480000)
 ParOldGen       total 196096K, used 28729K [0x00000006c1000000, 0x00000006ccf80000, 0x000000076b000000)
  object space 196096K, 14% used [0x00000006c1000000,0x00000006c2c0e698,0x00000006ccf80000)
 Metaspace       used 63513K, capacity 67622K, committed 67928K, reserved 1107968K
  class space    used 8525K, capacity 9250K, committed 9344K, reserved 1048576K
Event: 226659.050 GC heap after
Heap after GC invocations=267 (full 3):
 PSYoungGen      total 47104K, used 400K [0x000000076b000000, 0x000000076f400000, 0x00000007c0000000)
  eden space 46592K, 0% used [0x000000076b000000,0x000000076b000000,0x000000076dd80000)
  from space 512K, 78% used [0x000000076f380000,0x000000076f3e4010,0x000000076f400000)
  to   space 1024K, 0% used [0x000000076f200000,0x000000076f200000,0x000000076f300000)
 ParOldGen       total 196096K, used 28729K [0x00000006c1000000, 0x00000006ccf80000, 0x000000076b000000)
  object space 196096K, 14% used [0x00000006c1000000,0x00000006c2c0e698,0x00000006ccf80000)
 Metaspace       used 63513K, capacity 67622K, committed 67928K, reserved 1107968K
  class space    used 8525K, capacity 9250K, committed 9344K, reserved 1048576K
}
Event: 227261.078 GC heap before
{Heap before GC invocations=268 (full 3):
 PSYoungGen      total 47104K, used 46992K [0x000000076b000000, 0x000000076f400000, 0x00000007c0000000)
  eden space 46592K, 100% used [0x000000076b000000,0x000000076dd80000,0x000000076dd80000)
  from space 512K, 78% used [0x000000076f380000,0x000000076f3e4010,0x000000076f400000)
  to   space 1024K, 0% used [0x000000076f200000,0x000000076f200000,0x000000076f300000)
 ParOldGen       total 196096K, used 28729K [0x00000006c1000000, 0x00000006ccf80000, 0x000000076b000000)
  object space 196096K, 14% used [0x00000006c1000000,0x00000006c2c0e698,0x00000006ccf80000)
 Metaspace       used 63513K, capacity 67622K, committed 67928K, reserved 1107968K
  class space    used 8525K, capacity 9250K, committed 9344K, reserved 1048576K
Event: 227261.080 GC heap after
Heap after GC invocations=268 (full 3):
 PSYoungGen      total 47616K, used 480K [0x000000076b000000, 0x000000076f400000, 0x00000007c0000000)
  eden space 46592K, 0% used [0x000000076b000000,0x000000076b000000,0x000000076dd80000)
  from space 1024K, 46% used [0x000000076f200000,0x000000076f278000,0x000000076f300000)
  to   space 1024K, 0% used [0x000000076f300000,0x000000076f300000,0x000000076f400000)
 ParOldGen       total 196096K, used 28729K [0x00000006c1000000, 0x00000006ccf80000, 0x000000076b000000)
  object space 196096K, 14% used [0x00000006c1000000,0x00000006c2c0e698,0x00000006ccf80000)
 Metaspace       used 63513K, capacity 67622K, committed 67928K, reserved 1107968K
  class space    used 8525K, capacity 9250K, committed 9344K, reserved 1048576K
}

